<?xml version="1.0" encoding="UTF-8"?>
<robot generator="Robot 4.1 (Python 3.9.6 on win32)" generated="20211021 15:19:25.850" rpa="false" schemaversion="2">
<suite id="s1" name="Webautomation" source="C:\estudos\Curso Prime Hero\tests\webautomation.robot">
<test id="s1-t1" name="Caso de Teste 01: Pesquisar produto existeste">
<kw name="Abrir navegador" library="kws_webautomation" type="SETUP">
<kw name="Open Browser" library="SeleniumLibrary">
<arg>${URL}</arg>
<arg>${BROWSER}</arg>
<doc>Opens a new browser instance to the optional ``url``.</doc>
<msg timestamp="20211021 15:19:26.040" level="INFO">Opening browser 'chrome' to base url 'http://automationpractice.com/'.</msg>
<status status="PASS" starttime="20211021 15:19:26.039" endtime="20211021 15:19:33.639"/>
</kw>
<kw name="Maximize Browser Window" library="SeleniumLibrary">
<doc>Maximizes current browser window.</doc>
<status status="PASS" starttime="20211021 15:19:33.639" endtime="20211021 15:19:33.764"/>
</kw>
<status status="PASS" starttime="20211021 15:19:26.039" endtime="20211021 15:19:33.764"/>
</kw>
<kw name="Dado que o cliente está na página home do site" library="kws_webautomation">
<kw name="Title Should Be" library="SeleniumLibrary">
<arg>My Store</arg>
<doc>Verifies that the current page title equals ``title``.</doc>
<msg timestamp="20211021 15:19:33.768" level="INFO">Page title is 'My Store'.</msg>
<status status="PASS" starttime="20211021 15:19:33.765" endtime="20211021 15:19:33.768"/>
</kw>
<kw name="Wait Until Element Is Visible" library="SeleniumLibrary">
<arg>xpath=//*[@id="block_top_menu"]</arg>
<doc>Waits until the element ``locator`` is visible.</doc>
<status status="PASS" starttime="20211021 15:19:33.768" endtime="20211021 15:19:33.788"/>
</kw>
<status status="PASS" starttime="20211021 15:19:33.764" endtime="20211021 15:19:33.788"/>
</kw>
<kw name="Quando o cliente pesquisar pelo produto &quot;Blouse&quot; no campo de pesquisa" library="kws_webautomation" sourcename="Quando o cliente pesquisar pelo produto &quot;${PRODUTO}&quot; no campo de pesquisa">
<kw name="Input Text" library="SeleniumLibrary">
<arg>id=search_query_top</arg>
<arg>${PRODUTO}</arg>
<doc>Types the given ``text`` into the text field identified by ``locator``.</doc>
<msg timestamp="20211021 15:19:33.789" level="INFO">Typing text 'Blouse' into text field 'id=search_query_top'.</msg>
<status status="PASS" starttime="20211021 15:19:33.789" endtime="20211021 15:19:33.853"/>
</kw>
<kw name="Click Button" library="SeleniumLibrary">
<arg>name=submit_search</arg>
<doc>Clicks the button identified by ``locator``.</doc>
<msg timestamp="20211021 15:19:33.853" level="INFO">Clicking button 'name=submit_search'.</msg>
<status status="PASS" starttime="20211021 15:19:33.853" endtime="20211021 15:19:35.562"/>
</kw>
<status status="PASS" starttime="20211021 15:19:33.788" endtime="20211021 15:19:35.562"/>
</kw>
<kw name="Então o produto &quot;Blouse&quot; deve ser listado na página de resultado da busca" library="kws_webautomation" sourcename="Então o produto &quot;${PRODUTO}&quot; deve ser listado na página de resultado da busca">
<kw name="Wait Until Element Is Visible" library="SeleniumLibrary">
<arg>id=center_column</arg>
<doc>Waits until the element ``locator`` is visible.</doc>
<status status="PASS" starttime="20211021 15:19:35.563" endtime="20211021 15:19:35.583"/>
</kw>
<kw name="Page Should Contain Image" library="SeleniumLibrary">
<arg>xpath=//*[@id="center_column"]//*[@src="${URL}img/p/7/7-home_default.jpg"]</arg>
<doc>Verifies image identified by ``locator`` is found from current page.</doc>
<msg timestamp="20211021 15:19:35.596" level="INFO">Current page contains image 'xpath=//*[@id="center_column"]//*[@src="http://automationpractice.com/img/p/7/7-home_default.jpg"]'.</msg>
<status status="PASS" starttime="20211021 15:19:35.584" endtime="20211021 15:19:35.596"/>
</kw>
<kw name="Title Should Be" library="SeleniumLibrary">
<arg>Search - My Store</arg>
<doc>Verifies that the current page title equals ``title``.</doc>
<msg timestamp="20211021 15:19:35.599" level="INFO">Page title is 'Search - My Store'.</msg>
<status status="PASS" starttime="20211021 15:19:35.596" endtime="20211021 15:19:35.599"/>
</kw>
<status status="PASS" starttime="20211021 15:19:35.563" endtime="20211021 15:19:35.599"/>
</kw>
<kw name="Fechar navegador" library="kws_webautomation" type="TEARDOWN">
<kw name="Set Screenshot Directory" library="SeleniumLibrary">
<arg>./Screenshots/</arg>
<doc>Sets the directory for captured screenshots.</doc>
<status status="PASS" starttime="20211021 15:19:35.600" endtime="20211021 15:19:35.600"/>
</kw>
<kw name="Capture Page Screenshot" library="SeleniumLibrary">
<doc>Takes a screenshot of the current page and embeds it into a log file.</doc>
<msg timestamp="20211021 15:19:35.720" level="INFO" html="true">&lt;/td&gt;&lt;/tr&gt;&lt;tr&gt;&lt;td colspan="3"&gt;&lt;a href="../Screenshots/selenium-screenshot-1.png"&gt;&lt;img src="../Screenshots/selenium-screenshot-1.png" width="800px"&gt;&lt;/a&gt;</msg>
<status status="PASS" starttime="20211021 15:19:35.600" endtime="20211021 15:19:35.720"/>
</kw>
<kw name="Close Browser" library="SeleniumLibrary">
<doc>Closes the current browser.</doc>
<status status="PASS" starttime="20211021 15:19:35.720" endtime="20211021 15:19:37.804"/>
</kw>
<status status="PASS" starttime="20211021 15:19:35.600" endtime="20211021 15:19:37.804"/>
</kw>
<tag>PESQUISAR</tag>
<status status="PASS" starttime="20211021 15:19:26.039" endtime="20211021 15:19:37.804"/>
</test>
<test id="s1-t2" name="Caso de Teste 02: Pesquisar produto não existente">
<kw name="Abrir navegador" library="kws_webautomation" type="SETUP">
<kw name="Open Browser" library="SeleniumLibrary">
<arg>${URL}</arg>
<arg>${BROWSER}</arg>
<doc>Opens a new browser instance to the optional ``url``.</doc>
<msg timestamp="20211021 15:19:37.807" level="INFO">Opening browser 'chrome' to base url 'http://automationpractice.com/'.</msg>
<status status="PASS" starttime="20211021 15:19:37.807" endtime="20211021 15:19:44.261"/>
</kw>
<kw name="Maximize Browser Window" library="SeleniumLibrary">
<doc>Maximizes current browser window.</doc>
<status status="PASS" starttime="20211021 15:19:44.261" endtime="20211021 15:19:44.389"/>
</kw>
<status status="PASS" starttime="20211021 15:19:37.806" endtime="20211021 15:19:44.389"/>
</kw>
<kw name="Dado que o cliente está na página home do site" library="kws_webautomation">
<kw name="Title Should Be" library="SeleniumLibrary">
<arg>My Store</arg>
<doc>Verifies that the current page title equals ``title``.</doc>
<msg timestamp="20211021 15:19:44.394" level="INFO">Page title is 'My Store'.</msg>
<status status="PASS" starttime="20211021 15:19:44.390" endtime="20211021 15:19:44.394"/>
</kw>
<kw name="Wait Until Element Is Visible" library="SeleniumLibrary">
<arg>xpath=//*[@id="block_top_menu"]</arg>
<doc>Waits until the element ``locator`` is visible.</doc>
<status status="PASS" starttime="20211021 15:19:44.394" endtime="20211021 15:19:44.414"/>
</kw>
<status status="PASS" starttime="20211021 15:19:44.390" endtime="20211021 15:19:44.414"/>
</kw>
<kw name="Quando o cliente pesquisar pelo produto &quot;itemNãoExistente&quot; no campo de pesquisa" library="kws_webautomation" sourcename="Quando o cliente pesquisar pelo produto &quot;${PRODUTO}&quot; no campo de pesquisa">
<kw name="Input Text" library="SeleniumLibrary">
<arg>id=search_query_top</arg>
<arg>${PRODUTO}</arg>
<doc>Types the given ``text`` into the text field identified by ``locator``.</doc>
<msg timestamp="20211021 15:19:44.415" level="INFO">Typing text 'itemNãoExistente' into text field 'id=search_query_top'.</msg>
<status status="PASS" starttime="20211021 15:19:44.415" endtime="20211021 15:19:44.486"/>
</kw>
<kw name="Click Button" library="SeleniumLibrary">
<arg>name=submit_search</arg>
<doc>Clicks the button identified by ``locator``.</doc>
<msg timestamp="20211021 15:19:44.486" level="INFO">Clicking button 'name=submit_search'.</msg>
<status status="PASS" starttime="20211021 15:19:44.486" endtime="20211021 15:19:48.015"/>
</kw>
<status status="PASS" starttime="20211021 15:19:44.415" endtime="20211021 15:19:48.015"/>
</kw>
<kw name="Então deve retornar a mensagem &quot;No results were found for your search &quot;itemNãoExistente&quot;&quot;" library="kws_webautomation" sourcename="Então deve retornar a mensagem &quot;${MSG_ERROR}&quot;">
<kw name="Wait Until Element Is Visible" library="SeleniumLibrary">
<arg>xpath=//*[@id="center_column"]/p[@class="alert alert-warning"]</arg>
<doc>Waits until the element ``locator`` is visible.</doc>
<status status="PASS" starttime="20211021 15:19:48.017" endtime="20211021 15:19:48.064"/>
</kw>
<kw name="Element Text Should Be" library="SeleniumLibrary">
<arg>xpath=//*[@id="center_column"]/p[@class="alert alert-warning"]</arg>
<arg>${MSG_ERROR}</arg>
<doc>Verifies that element ``locator`` contains exact the text ``expected``.</doc>
<msg timestamp="20211021 15:19:48.064" level="INFO">Verifying element 'xpath=//*[@id="center_column"]/p[@class="alert alert-warning"]' contains exact text 'No results were found for your search "itemNãoExistente"'.</msg>
<status status="PASS" starttime="20211021 15:19:48.064" endtime="20211021 15:19:48.080"/>
</kw>
<status status="PASS" starttime="20211021 15:19:48.017" endtime="20211021 15:19:48.080"/>
</kw>
<kw name="Fechar navegador" library="kws_webautomation" type="TEARDOWN">
<kw name="Set Screenshot Directory" library="SeleniumLibrary">
<arg>./Screenshots/</arg>
<doc>Sets the directory for captured screenshots.</doc>
<status status="PASS" starttime="20211021 15:19:48.081" endtime="20211021 15:19:48.081"/>
</kw>
<kw name="Capture Page Screenshot" library="SeleniumLibrary">
<doc>Takes a screenshot of the current page and embeds it into a log file.</doc>
<msg timestamp="20211021 15:19:48.187" level="INFO" html="true">&lt;/td&gt;&lt;/tr&gt;&lt;tr&gt;&lt;td colspan="3"&gt;&lt;a href="../Screenshots/selenium-screenshot-2.png"&gt;&lt;img src="../Screenshots/selenium-screenshot-2.png" width="800px"&gt;&lt;/a&gt;</msg>
<status status="PASS" starttime="20211021 15:19:48.081" endtime="20211021 15:19:48.188"/>
</kw>
<kw name="Close Browser" library="SeleniumLibrary">
<doc>Closes the current browser.</doc>
<status status="PASS" starttime="20211021 15:19:48.188" endtime="20211021 15:19:50.285"/>
</kw>
<status status="PASS" starttime="20211021 15:19:48.081" endtime="20211021 15:19:50.285"/>
</kw>
<tag>PRODUTO_N</tag>
<status status="PASS" starttime="20211021 15:19:37.806" endtime="20211021 15:19:50.285"/>
</test>
<test id="s1-t3" name="Caso de Teste 03: Listar Produtos">
<kw name="Abrir navegador" library="kws_webautomation" type="SETUP">
<kw name="Open Browser" library="SeleniumLibrary">
<arg>${URL}</arg>
<arg>${BROWSER}</arg>
<doc>Opens a new browser instance to the optional ``url``.</doc>
<msg timestamp="20211021 15:19:50.289" level="INFO">Opening browser 'chrome' to base url 'http://automationpractice.com/'.</msg>
<status status="PASS" starttime="20211021 15:19:50.289" endtime="20211021 15:20:00.944"/>
</kw>
<kw name="Maximize Browser Window" library="SeleniumLibrary">
<doc>Maximizes current browser window.</doc>
<status status="PASS" starttime="20211021 15:20:00.944" endtime="20211021 15:20:01.073"/>
</kw>
<status status="PASS" starttime="20211021 15:19:50.288" endtime="20211021 15:20:01.074"/>
</kw>
<kw name="Dado que o cliente está na página home do site" library="kws_webautomation">
<kw name="Title Should Be" library="SeleniumLibrary">
<arg>My Store</arg>
<doc>Verifies that the current page title equals ``title``.</doc>
<msg timestamp="20211021 15:20:01.078" level="INFO">Page title is 'My Store'.</msg>
<status status="PASS" starttime="20211021 15:20:01.074" endtime="20211021 15:20:01.078"/>
</kw>
<kw name="Wait Until Element Is Visible" library="SeleniumLibrary">
<arg>xpath=//*[@id="block_top_menu"]</arg>
<doc>Waits until the element ``locator`` is visible.</doc>
<status status="PASS" starttime="20211021 15:20:01.078" endtime="20211021 15:20:01.097"/>
</kw>
<status status="PASS" starttime="20211021 15:20:01.074" endtime="20211021 15:20:01.098"/>
</kw>
<kw name="Quando o cliente passar o mouse por cima da categoria &quot;Women&quot; no menu principal superior de categorias" library="kws_webautomation" sourcename="Quando o cliente passar o mouse por cima da categoria &quot;${CATEGORIA}&quot; no menu principal superior de categorias">
<kw name="Mouse Over" library="SeleniumLibrary">
<arg>xpath=//*[@id="block_top_menu"]//a[@title="${CATEGORIA}"]</arg>
<doc>Simulates hovering the mouse over the element ``locator``.</doc>
<msg timestamp="20211021 15:20:01.099" level="INFO">Simulating Mouse Over on element 'xpath=//*[@id="block_top_menu"]//a[@title="Women"]'.</msg>
<status status="PASS" starttime="20211021 15:20:01.098" endtime="20211021 15:20:01.370"/>
</kw>
<status status="PASS" starttime="20211021 15:20:01.098" endtime="20211021 15:20:01.370"/>
</kw>
<kw name="E clicar na sub categoria &quot;Summer Dresses&quot;" library="kws_webautomation" sourcename="E clicar na sub categoria &quot;${SUB_CATEGORIA}&quot;">
<kw name="Click Element" library="SeleniumLibrary">
<arg>xpath=//*[@id="block_top_menu"]//ul[@class="sf-menu clearfix menu-content sf-js-enabled sf-arrows"]//a[@title="${SUB_CATEGORIA}"]</arg>
<doc>Click the element identified by ``locator``.</doc>
<msg timestamp="20211021 15:20:01.371" level="INFO">Clicking element 'xpath=//*[@id="block_top_menu"]//ul[@class="sf-menu clearfix menu-content sf-js-enabled sf-arrows"]//a[@title="Summer Dresses"]'.</msg>
<status status="PASS" starttime="20211021 15:20:01.371" endtime="20211021 15:20:02.787"/>
</kw>
<status status="PASS" starttime="20211021 15:20:01.370" endtime="20211021 15:20:02.787"/>
</kw>
<kw name="Então deve aparecer os produtos da sub-categoria &quot;Summer Dresses&quot; na página" library="kws_webautomation" sourcename="Então deve aparecer os produtos da sub-categoria &quot;${SUB_CATEGORIA}&quot; na página">
<kw name="Title Should Be" library="SeleniumLibrary">
<arg>Summer Dresses - My Store</arg>
<doc>Verifies that the current page title equals ``title``.</doc>
<msg timestamp="20211021 15:20:02.814" level="INFO">Page title is 'Summer Dresses - My Store'.</msg>
<status status="PASS" starttime="20211021 15:20:02.791" endtime="20211021 15:20:02.814"/>
</kw>
<kw name="Wait Until Element Is Visible" library="SeleniumLibrary">
<arg>id=center_column</arg>
<doc>Waits until the element ``locator`` is visible.</doc>
<status status="PASS" starttime="20211021 15:20:02.814" endtime="20211021 15:20:03.462"/>
</kw>
<kw name="Element Text Should Be" library="SeleniumLibrary">
<arg>xpath=//*[@id="center_column"]//span[@class="category-name"]</arg>
<arg>${SUB_CATEGORIA}</arg>
<doc>Verifies that element ``locator`` contains exact the text ``expected``.</doc>
<msg timestamp="20211021 15:20:03.463" level="INFO">Verifying element 'xpath=//*[@id="center_column"]//span[@class="category-name"]' contains exact text 'Summer Dresses'.</msg>
<status status="PASS" starttime="20211021 15:20:03.462" endtime="20211021 15:20:03.481"/>
</kw>
<status status="PASS" starttime="20211021 15:20:02.789" endtime="20211021 15:20:03.481"/>
</kw>
<kw name="Fechar navegador" library="kws_webautomation" type="TEARDOWN">
<kw name="Set Screenshot Directory" library="SeleniumLibrary">
<arg>./Screenshots/</arg>
<doc>Sets the directory for captured screenshots.</doc>
<status status="PASS" starttime="20211021 15:20:03.482" endtime="20211021 15:20:03.483"/>
</kw>
<kw name="Capture Page Screenshot" library="SeleniumLibrary">
<doc>Takes a screenshot of the current page and embeds it into a log file.</doc>
<msg timestamp="20211021 15:20:03.656" level="INFO" html="true">&lt;/td&gt;&lt;/tr&gt;&lt;tr&gt;&lt;td colspan="3"&gt;&lt;a href="../Screenshots/selenium-screenshot-3.png"&gt;&lt;img src="../Screenshots/selenium-screenshot-3.png" width="800px"&gt;&lt;/a&gt;</msg>
<status status="PASS" starttime="20211021 15:20:03.483" endtime="20211021 15:20:03.656"/>
</kw>
<kw name="Close Browser" library="SeleniumLibrary">
<doc>Closes the current browser.</doc>
<status status="PASS" starttime="20211021 15:20:03.656" endtime="20211021 15:20:05.743"/>
</kw>
<status status="PASS" starttime="20211021 15:20:03.482" endtime="20211021 15:20:05.743"/>
</kw>
<tag>LISTA</tag>
<status status="PASS" starttime="20211021 15:19:50.287" endtime="20211021 15:20:05.744"/>
</test>
<test id="s1-t4" name="Caso de Teste 04: Adicionar Cliente">
<kw name="Abrir navegador" library="kws_webautomation" type="SETUP">
<kw name="Open Browser" library="SeleniumLibrary">
<arg>${URL}</arg>
<arg>${BROWSER}</arg>
<doc>Opens a new browser instance to the optional ``url``.</doc>
<msg timestamp="20211021 15:20:05.747" level="INFO">Opening browser 'chrome' to base url 'http://automationpractice.com/'.</msg>
<status status="PASS" starttime="20211021 15:20:05.746" endtime="20211021 15:20:12.706"/>
</kw>
<kw name="Maximize Browser Window" library="SeleniumLibrary">
<doc>Maximizes current browser window.</doc>
<status status="PASS" starttime="20211021 15:20:12.706" endtime="20211021 15:20:12.827"/>
</kw>
<status status="PASS" starttime="20211021 15:20:05.746" endtime="20211021 15:20:12.827"/>
</kw>
<kw name="Dado que o cliente está na página home do site" library="kws_webautomation">
<kw name="Title Should Be" library="SeleniumLibrary">
<arg>My Store</arg>
<doc>Verifies that the current page title equals ``title``.</doc>
<msg timestamp="20211021 15:20:12.832" level="INFO">Page title is 'My Store'.</msg>
<status status="PASS" starttime="20211021 15:20:12.828" endtime="20211021 15:20:12.832"/>
</kw>
<kw name="Wait Until Element Is Visible" library="SeleniumLibrary">
<arg>xpath=//*[@id="block_top_menu"]</arg>
<doc>Waits until the element ``locator`` is visible.</doc>
<status status="PASS" starttime="20211021 15:20:12.832" endtime="20211021 15:20:12.853"/>
</kw>
<status status="PASS" starttime="20211021 15:20:12.828" endtime="20211021 15:20:12.853"/>
</kw>
<kw name="Quando o cliente clicar em &quot;Sign in&quot;" library="kws_webautomation" sourcename="Quando o cliente clicar em &quot;${SIGN_IN}&quot;">
<kw name="Click Element" library="SeleniumLibrary">
<arg>xpath=//*[@id="header"]//a[@class="login"]</arg>
<doc>Click the element identified by ``locator``.</doc>
<msg timestamp="20211021 15:20:12.854" level="INFO">Clicking element 'xpath=//*[@id="header"]//a[@class="login"]'.</msg>
<status status="PASS" starttime="20211021 15:20:12.854" endtime="20211021 15:20:15.386"/>
</kw>
<status status="PASS" starttime="20211021 15:20:12.853" endtime="20211021 15:20:15.386"/>
</kw>
<kw name="E informar um e-mail válido" library="kws_webautomation">
<kw name="Wait Until Element Is Visible" library="SeleniumLibrary">
<arg>id=email_create</arg>
<doc>Waits until the element ``locator`` is visible.</doc>
<status status="PASS" starttime="20211021 15:20:15.387" endtime="20211021 15:20:15.409"/>
</kw>
<kw name="Catenate" library="BuiltIn">
<var>${EMAIL}</var>
<arg>${USUARIO.nome}_${USUARIO.sobrenome}_${USUARIO.idade}@robot.com</arg>
<doc>Catenates the given items together and returns the resulted string.</doc>
<msg timestamp="20211021 15:20:15.411" level="INFO">${EMAIL} = Deywes_Rios_100@robot.com</msg>
<status status="PASS" starttime="20211021 15:20:15.409" endtime="20211021 15:20:15.411"/>
</kw>
<kw name="Convert To Lower Case" library="String">
<var>${EMAIL}</var>
<arg>${EMAIL}</arg>
<doc>Converts string to lower case.</doc>
<msg timestamp="20211021 15:20:15.411" level="INFO">${EMAIL} = deywes_rios_100@robot.com</msg>
<status status="PASS" starttime="20211021 15:20:15.411" endtime="20211021 15:20:15.411"/>
</kw>
<kw name="Input Text" library="SeleniumLibrary">
<arg>id=email_create</arg>
<arg>${EMAIL}</arg>
<doc>Types the given ``text`` into the text field identified by ``locator``.</doc>
<msg timestamp="20211021 15:20:15.411" level="INFO">Typing text 'deywes_rios_100@robot.com' into text field 'id=email_create'.</msg>
<status status="PASS" starttime="20211021 15:20:15.411" endtime="20211021 15:20:15.482"/>
</kw>
<kw name="Click Element" library="SeleniumLibrary">
<arg>id=center_column</arg>
<doc>Click the element identified by ``locator``.</doc>
<msg timestamp="20211021 15:20:15.482" level="INFO">Clicking element 'id=center_column'.</msg>
<status status="PASS" starttime="20211021 15:20:15.482" endtime="20211021 15:20:15.522"/>
</kw>
<kw name="Wait Until Element Is Visible" library="SeleniumLibrary">
<arg>xpath=//*[@id="create-account_form"]//div[@class="form-group form-ok"]</arg>
<doc>Waits until the element ``locator`` is visible.</doc>
<status status="PASS" starttime="20211021 15:20:15.522" endtime="20211021 15:20:15.542"/>
</kw>
<status status="PASS" starttime="20211021 15:20:15.387" endtime="20211021 15:20:15.542"/>
</kw>
<kw name="E clicar em &quot;Create an account&quot;" library="kws_webautomation">
<kw name="Click Element" library="SeleniumLibrary">
<arg>id=SubmitCreate</arg>
<doc>Click the element identified by ``locator``.</doc>
<msg timestamp="20211021 15:20:15.543" level="INFO">Clicking element 'id=SubmitCreate'.</msg>
<status status="PASS" starttime="20211021 15:20:15.543" endtime="20211021 15:20:15.575"/>
</kw>
<status status="PASS" starttime="20211021 15:20:15.543" endtime="20211021 15:20:15.577"/>
</kw>
<kw name="E preencher os dados obrigatórios" library="kws_webautomation">
<kw name="Wait Until Element Is Visible" library="SeleniumLibrary">
<arg>id=account-creation_form</arg>
<doc>Waits until the element ``locator`` is visible.</doc>
<status status="PASS" starttime="20211021 15:20:15.577" endtime="20211021 15:20:17.042"/>
</kw>
<kw name="Click Element" library="SeleniumLibrary">
<arg>id=id_gender1</arg>
<doc>Click the element identified by ``locator``.</doc>
<msg timestamp="20211021 15:20:17.042" level="INFO">Clicking element 'id=id_gender1'.</msg>
<status status="PASS" starttime="20211021 15:20:17.042" endtime="20211021 15:20:17.084"/>
</kw>
<kw name="Input Text" library="SeleniumLibrary">
<arg>id=customer_firstname</arg>
<arg>${USUARIO.nome}</arg>
<doc>Types the given ``text`` into the text field identified by ``locator``.</doc>
<msg timestamp="20211021 15:20:17.085" level="INFO">Typing text 'Deywes' into text field 'id=customer_firstname'.</msg>
<status status="PASS" starttime="20211021 15:20:17.084" endtime="20211021 15:20:17.169"/>
</kw>
<kw name="Input Text" library="SeleniumLibrary">
<arg>id=firstname</arg>
<arg>${USUARIO.nome}</arg>
<doc>Types the given ``text`` into the text field identified by ``locator``.</doc>
<msg timestamp="20211021 15:20:17.171" level="INFO">Typing text 'Deywes' into text field 'id=firstname'.</msg>
<status status="PASS" starttime="20211021 15:20:17.170" endtime="20211021 15:20:17.259"/>
</kw>
<kw name="Input Text" library="SeleniumLibrary">
<arg>id=customer_lastname</arg>
<arg>${USUARIO.sobrenome}</arg>
<doc>Types the given ``text`` into the text field identified by ``locator``.</doc>
<msg timestamp="20211021 15:20:17.260" level="INFO">Typing text 'Rios' into text field 'id=customer_lastname'.</msg>
<status status="PASS" starttime="20211021 15:20:17.259" endtime="20211021 15:20:17.327"/>
</kw>
<kw name="Input Text" library="SeleniumLibrary">
<arg>id=lastname</arg>
<arg>${USUARIO.sobrenome}</arg>
<doc>Types the given ``text`` into the text field identified by ``locator``.</doc>
<msg timestamp="20211021 15:20:17.327" level="INFO">Typing text 'Rios' into text field 'id=lastname'.</msg>
<status status="PASS" starttime="20211021 15:20:17.327" endtime="20211021 15:20:17.399"/>
</kw>
<kw name="Input Text" library="SeleniumLibrary">
<arg>id=passwd</arg>
<arg>${USUARIO.senha}</arg>
<doc>Types the given ``text`` into the text field identified by ``locator``.</doc>
<msg timestamp="20211021 15:20:17.400" level="INFO">Typing text '12345' into text field 'id=passwd'.</msg>
<status status="PASS" starttime="20211021 15:20:17.400" endtime="20211021 15:20:17.475"/>
</kw>
<kw name="Input Text" library="SeleniumLibrary">
<arg>id=address1</arg>
<arg>${USUARIO.endereco}</arg>
<doc>Types the given ``text`` into the text field identified by ``locator``.</doc>
<msg timestamp="20211021 15:20:17.476" level="INFO">Typing text '1st Avenue' into text field 'id=address1'.</msg>
<status status="PASS" starttime="20211021 15:20:17.475" endtime="20211021 15:20:17.544"/>
</kw>
<kw name="Input Text" library="SeleniumLibrary">
<arg>id=city</arg>
<arg>${USUARIO.cidade}</arg>
<doc>Types the given ``text`` into the text field identified by ``locator``.</doc>
<msg timestamp="20211021 15:20:17.545" level="INFO">Typing text 'PhoenixVille' into text field 'id=city'.</msg>
<status status="PASS" starttime="20211021 15:20:17.544" endtime="20211021 15:20:17.644"/>
</kw>
<kw name="Input Text" library="SeleniumLibrary">
<arg>id=postcode</arg>
<arg>${USUARIO.cep}</arg>
<doc>Types the given ``text`` into the text field identified by ``locator``.</doc>
<msg timestamp="20211021 15:20:17.645" level="INFO">Typing text '19460' into text field 'id=postcode'.</msg>
<status status="PASS" starttime="20211021 15:20:17.644" endtime="20211021 15:20:17.718"/>
</kw>
<kw name="Input Text" library="SeleniumLibrary">
<arg>id=phone_mobile</arg>
<arg>${USUARIO.telefone}</arg>
<doc>Types the given ``text`` into the text field identified by ``locator``.</doc>
<msg timestamp="20211021 15:20:17.719" level="INFO">Typing text '+1 941 256 286' into text field 'id=phone_mobile'.</msg>
<status status="PASS" starttime="20211021 15:20:17.718" endtime="20211021 15:20:17.799"/>
</kw>
<kw name="Input Text" library="SeleniumLibrary">
<arg>alias</arg>
<arg>${USUARIO.endereco_alt}</arg>
<doc>Types the given ``text`` into the text field identified by ``locator``.</doc>
<msg timestamp="20211021 15:20:17.799" level="INFO">Typing text 'nenhum' into text field 'alias'.</msg>
<status status="PASS" starttime="20211021 15:20:17.799" endtime="20211021 15:20:17.873"/>
</kw>
<kw name="Select From List By Value" library="SeleniumLibrary">
<arg>id=days</arg>
<arg>${USUARIO.dia}</arg>
<doc>Selects options from selection list ``locator`` by ``values``.</doc>
<msg timestamp="20211021 15:20:17.874" level="INFO">Selecting options from selection list 'id=days' by value 10.</msg>
<status status="PASS" starttime="20211021 15:20:17.873" endtime="20211021 15:20:17.933"/>
</kw>
<kw name="Select From List By Value" library="SeleniumLibrary">
<arg>id=months</arg>
<arg>${USUARIO.mes}</arg>
<doc>Selects options from selection list ``locator`` by ``values``.</doc>
<msg timestamp="20211021 15:20:17.934" level="INFO">Selecting options from selection list 'id=months' by value 7.</msg>
<status status="PASS" starttime="20211021 15:20:17.933" endtime="20211021 15:20:17.988"/>
</kw>
<kw name="Select From List By Value" library="SeleniumLibrary">
<arg>id=years</arg>
<arg>${USUARIO.ano}</arg>
<doc>Selects options from selection list ``locator`` by ``values``.</doc>
<msg timestamp="20211021 15:20:17.988" level="INFO">Selecting options from selection list 'id=years' by value 2000.</msg>
<status status="PASS" starttime="20211021 15:20:17.988" endtime="20211021 15:20:18.038"/>
</kw>
<kw name="Select From List By Value" library="SeleniumLibrary">
<arg>id=id_state</arg>
<arg>${USUARIO.estado}</arg>
<doc>Selects options from selection list ``locator`` by ``values``.</doc>
<msg timestamp="20211021 15:20:18.039" level="INFO">Selecting options from selection list 'id=id_state' by value 38.</msg>
<status status="PASS" starttime="20211021 15:20:18.038" endtime="20211021 15:20:18.088"/>
</kw>
<status status="PASS" starttime="20211021 15:20:15.577" endtime="20211021 15:20:18.088"/>
</kw>
<kw name="E clicar no botão de cadastro" library="kws_webautomation">
<kw name="Click Button" library="SeleniumLibrary">
<arg>id=submitAccount</arg>
<doc>Clicks the button identified by ``locator``.</doc>
<msg timestamp="20211021 15:20:18.089" level="INFO">Clicking button 'id=submitAccount'.</msg>
<status status="PASS" starttime="20211021 15:20:18.089" endtime="20211021 15:20:20.105"/>
</kw>
<status status="PASS" starttime="20211021 15:20:18.089" endtime="20211021 15:20:20.105"/>
</kw>
<kw name="Então o cadastro deve ser efetuado com sucesso" library="kws_webautomation">
<kw name="Title Should Be" library="SeleniumLibrary">
<arg>My account - My Store</arg>
<doc>Verifies that the current page title equals ``title``.</doc>
<msg timestamp="20211021 15:20:20.112" level="INFO">Page title is 'My account - My Store'.</msg>
<status status="PASS" starttime="20211021 15:20:20.106" endtime="20211021 15:20:20.112"/>
</kw>
<kw name="Wait Until Element Is Visible" library="SeleniumLibrary">
<arg>xpath=//*[@id="center_column"]//p[@class="info-account"]</arg>
<doc>Waits until the element ``locator`` is visible.</doc>
<status status="PASS" starttime="20211021 15:20:20.113" endtime="20211021 15:20:20.129"/>
</kw>
<kw name="Page Should Contain Element" library="SeleniumLibrary">
<arg>xpath=//*[@id="header"]//span[text()="${USUARIO.nome} ${USUARIO.sobrenome}"]</arg>
<doc>Verifies that element ``locator`` is found on the current page.</doc>
<msg timestamp="20211021 15:20:20.139" level="INFO">Current page contains element 'xpath=//*[@id="header"]//span[text()="Deywes Rios"]'.</msg>
<status status="PASS" starttime="20211021 15:20:20.130" endtime="20211021 15:20:20.139"/>
</kw>
<status status="PASS" starttime="20211021 15:20:20.105" endtime="20211021 15:20:20.139"/>
</kw>
<kw name="Fechar navegador" library="kws_webautomation" type="TEARDOWN">
<kw name="Set Screenshot Directory" library="SeleniumLibrary">
<arg>./Screenshots/</arg>
<doc>Sets the directory for captured screenshots.</doc>
<status status="PASS" starttime="20211021 15:20:20.140" endtime="20211021 15:20:20.140"/>
</kw>
<kw name="Capture Page Screenshot" library="SeleniumLibrary">
<doc>Takes a screenshot of the current page and embeds it into a log file.</doc>
<msg timestamp="20211021 15:20:20.292" level="INFO" html="true">&lt;/td&gt;&lt;/tr&gt;&lt;tr&gt;&lt;td colspan="3"&gt;&lt;a href="../Screenshots/selenium-screenshot-4.png"&gt;&lt;img src="../Screenshots/selenium-screenshot-4.png" width="800px"&gt;&lt;/a&gt;</msg>
<status status="PASS" starttime="20211021 15:20:20.141" endtime="20211021 15:20:20.292"/>
</kw>
<kw name="Close Browser" library="SeleniumLibrary">
<doc>Closes the current browser.</doc>
<status status="PASS" starttime="20211021 15:20:20.292" endtime="20211021 15:20:22.376"/>
</kw>
<status status="PASS" starttime="20211021 15:20:20.140" endtime="20211021 15:20:22.376"/>
</kw>
<tag>CLIENTE</tag>
<status status="PASS" starttime="20211021 15:20:05.745" endtime="20211021 15:20:22.377"/>
</test>
<doc>Neste arquivo estarão presentes os exercícios do curso da Prime Hero Academy
Voltados a automação web.</doc>
<status status="PASS" starttime="20211021 15:19:25.851" endtime="20211021 15:20:22.378"/>
</suite>
<statistics>
<total>
<stat pass="4" fail="0" skip="0">All Tests</stat>
</total>
<tag>
<stat pass="1" fail="0" skip="0">CLIENTE</stat>
<stat pass="1" fail="0" skip="0">LISTA</stat>
<stat pass="1" fail="0" skip="0">PESQUISAR</stat>
<stat pass="1" fail="0" skip="0">PRODUTO_N</stat>
</tag>
<suite>
<stat pass="4" fail="0" skip="0" id="s1" name="Webautomation">Webautomation</stat>
</suite>
</statistics>
<errors>
</errors>
</robot>
