<?xml version="1.0" encoding="UTF-8"?>
<robot generator="Robot 4.1 (Python 3.9.6 on win32)" generated="20211024 15:14:20.923" rpa="false" schemaversion="2">
<suite id="s1" name="Webautomation" source="C:\Users\Deywes Rios\Desktop\primehero\tests\webautomation.robot">
<test id="s1-t1" name="Caso de Teste 01: Pesquisar produto existeste">
<kw name="Abrir navegador" library="hooks" type="SETUP">
<kw name="Open Browser" library="SeleniumLibrary">
<arg>${URL}</arg>
<arg>${BROWSER}</arg>
<doc>Opens a new browser instance to the optional ``url``.</doc>
<msg timestamp="20211024 15:14:21.136" level="INFO">Opening browser 'chrome' to base url 'http://automationpractice.com/'.</msg>
<status status="PASS" starttime="20211024 15:14:21.136" endtime="20211024 15:14:28.742"/>
</kw>
<kw name="Maximize Browser Window" library="SeleniumLibrary">
<doc>Maximizes current browser window.</doc>
<status status="PASS" starttime="20211024 15:14:28.742" endtime="20211024 15:14:28.871"/>
</kw>
<status status="PASS" starttime="20211024 15:14:21.135" endtime="20211024 15:14:28.871"/>
</kw>
<kw name="Dado que o cliente está na página home do site" library="kws_webautomation">
<kw name="Title Should Be" library="SeleniumLibrary">
<arg>${HOME.TITLE_PAGE_HOME}</arg>
<doc>Verifies that the current page title equals ``title``.</doc>
<msg timestamp="20211024 15:14:28.876" level="INFO">Page title is 'My Store'.</msg>
<status status="PASS" starttime="20211024 15:14:28.872" endtime="20211024 15:14:28.877"/>
</kw>
<kw name="Wait Until Element Is Visible" library="SeleniumLibrary">
<arg>xpath=${HOME.HEADER_OPTIONS}</arg>
<doc>Waits until the element ``locator`` is visible.</doc>
<status status="PASS" starttime="20211024 15:14:28.877" endtime="20211024 15:14:28.897"/>
</kw>
<status status="PASS" starttime="20211024 15:14:28.872" endtime="20211024 15:14:28.897"/>
</kw>
<kw name="Quando o cliente pesquisar pelo produto &quot;Blouse&quot; no campo de pesquisa" library="kws_webautomation" sourcename="Quando o cliente pesquisar pelo produto &quot;${PRODUTO}&quot; no campo de pesquisa">
<kw name="Input Text" library="SeleniumLibrary">
<arg>id=${SEARCH.INPUT_BUSCA}</arg>
<arg>${PRODUTO}</arg>
<doc>Types the given ``text`` into the text field identified by ``locator``.</doc>
<msg timestamp="20211024 15:14:28.899" level="INFO">Typing text 'Blouse' into text field 'id=search_query_top'.</msg>
<status status="PASS" starttime="20211024 15:14:28.898" endtime="20211024 15:14:28.972"/>
</kw>
<kw name="Click Button" library="SeleniumLibrary">
<arg>name=${SEARCH.BTN_PESQUISAR}</arg>
<doc>Clicks the button identified by ``locator``.</doc>
<msg timestamp="20211024 15:14:28.973" level="INFO">Clicking button 'name=submit_search'.</msg>
<status status="PASS" starttime="20211024 15:14:28.972" endtime="20211024 15:14:29.866"/>
</kw>
<status status="PASS" starttime="20211024 15:14:28.898" endtime="20211024 15:14:29.867"/>
</kw>
<kw name="Então o produto &quot;Blouse&quot; deve ser listado na página de resultado da busca" library="kws_webautomation" sourcename="Então o produto &quot;${PRODUTO}&quot; deve ser listado na página de resultado da busca">
<kw name="Wait Until Element Is Visible" library="SeleniumLibrary">
<arg>id=${SEARCH.ID_COLUNA}</arg>
<doc>Waits until the element ``locator`` is visible.</doc>
<status status="PASS" starttime="20211024 15:14:29.868" endtime="20211024 15:14:30.534"/>
</kw>
<kw name="Page Should Contain Image" library="SeleniumLibrary">
<arg>xpath=${SEARCH.IMG_BLOUSE}</arg>
<doc>Verifies image identified by ``locator`` is found from current page.</doc>
<msg timestamp="20211024 15:14:30.548" level="INFO">Current page contains image 'xpath=//*[@id="center_column"]//*[@src="http://automationpractice.com/img/p/7/7-home_default.jpg"]'.</msg>
<status status="PASS" starttime="20211024 15:14:30.535" endtime="20211024 15:14:30.548"/>
</kw>
<kw name="Title Should Be" library="SeleniumLibrary">
<arg>${SEARCH.TITLE_PAGE_SEARCH}</arg>
<doc>Verifies that the current page title equals ``title``.</doc>
<msg timestamp="20211024 15:14:30.551" level="INFO">Page title is 'Search - My Store'.</msg>
<status status="PASS" starttime="20211024 15:14:30.548" endtime="20211024 15:14:30.551"/>
</kw>
<status status="PASS" starttime="20211024 15:14:29.867" endtime="20211024 15:14:30.551"/>
</kw>
<kw name="Fechar navegador" library="hooks" type="TEARDOWN">
<kw name="Set Screenshot Directory" library="SeleniumLibrary">
<arg>./evidencias/</arg>
<doc>Sets the directory for captured screenshots.</doc>
<status status="PASS" starttime="20211024 15:14:30.552" endtime="20211024 15:14:30.552"/>
</kw>
<kw name="Capture Page Screenshot" library="SeleniumLibrary">
<doc>Takes a screenshot of the current page and embeds it into a log file.</doc>
<msg timestamp="20211024 15:14:30.666" level="INFO" html="true">&lt;/td&gt;&lt;/tr&gt;&lt;tr&gt;&lt;td colspan="3"&gt;&lt;a href="../evidencias/selenium-screenshot-1.png"&gt;&lt;img src="../evidencias/selenium-screenshot-1.png" width="800px"&gt;&lt;/a&gt;</msg>
<status status="PASS" starttime="20211024 15:14:30.552" endtime="20211024 15:14:30.666"/>
</kw>
<kw name="Close Browser" library="SeleniumLibrary">
<doc>Closes the current browser.</doc>
<status status="PASS" starttime="20211024 15:14:30.666" endtime="20211024 15:14:32.768"/>
</kw>
<status status="PASS" starttime="20211024 15:14:30.552" endtime="20211024 15:14:32.768"/>
</kw>
<tag>PESQUISAR</tag>
<status status="PASS" starttime="20211024 15:14:21.135" endtime="20211024 15:14:32.769"/>
</test>
<test id="s1-t2" name="Caso de Teste 02: Pesquisar produto não existente">
<kw name="Abrir navegador" library="hooks" type="SETUP">
<kw name="Open Browser" library="SeleniumLibrary">
<arg>${URL}</arg>
<arg>${BROWSER}</arg>
<doc>Opens a new browser instance to the optional ``url``.</doc>
<msg timestamp="20211024 15:14:32.772" level="INFO">Opening browser 'chrome' to base url 'http://automationpractice.com/'.</msg>
<status status="PASS" starttime="20211024 15:14:32.772" endtime="20211024 15:14:38.644"/>
</kw>
<kw name="Maximize Browser Window" library="SeleniumLibrary">
<doc>Maximizes current browser window.</doc>
<status status="PASS" starttime="20211024 15:14:38.644" endtime="20211024 15:14:38.764"/>
</kw>
<status status="PASS" starttime="20211024 15:14:32.770" endtime="20211024 15:14:38.764"/>
</kw>
<kw name="Dado que o cliente está na página home do site" library="kws_webautomation">
<kw name="Title Should Be" library="SeleniumLibrary">
<arg>${HOME.TITLE_PAGE_HOME}</arg>
<doc>Verifies that the current page title equals ``title``.</doc>
<msg timestamp="20211024 15:14:38.769" level="INFO">Page title is 'My Store'.</msg>
<status status="PASS" starttime="20211024 15:14:38.765" endtime="20211024 15:14:38.769"/>
</kw>
<kw name="Wait Until Element Is Visible" library="SeleniumLibrary">
<arg>xpath=${HOME.HEADER_OPTIONS}</arg>
<doc>Waits until the element ``locator`` is visible.</doc>
<status status="PASS" starttime="20211024 15:14:38.769" endtime="20211024 15:14:38.790"/>
</kw>
<status status="PASS" starttime="20211024 15:14:38.764" endtime="20211024 15:14:38.791"/>
</kw>
<kw name="Quando o cliente pesquisar pelo produto &quot;itemNãoExistente&quot; no campo de pesquisa" library="kws_webautomation" sourcename="Quando o cliente pesquisar pelo produto &quot;${PRODUTO}&quot; no campo de pesquisa">
<kw name="Input Text" library="SeleniumLibrary">
<arg>id=${SEARCH.INPUT_BUSCA}</arg>
<arg>${PRODUTO}</arg>
<doc>Types the given ``text`` into the text field identified by ``locator``.</doc>
<msg timestamp="20211024 15:14:38.792" level="INFO">Typing text 'itemNãoExistente' into text field 'id=search_query_top'.</msg>
<status status="PASS" starttime="20211024 15:14:38.791" endtime="20211024 15:14:38.857"/>
</kw>
<kw name="Click Button" library="SeleniumLibrary">
<arg>name=${SEARCH.BTN_PESQUISAR}</arg>
<doc>Clicks the button identified by ``locator``.</doc>
<msg timestamp="20211024 15:14:38.858" level="INFO">Clicking button 'name=submit_search'.</msg>
<status status="PASS" starttime="20211024 15:14:38.858" endtime="20211024 15:14:38.979"/>
</kw>
<status status="PASS" starttime="20211024 15:14:38.791" endtime="20211024 15:14:38.980"/>
</kw>
<kw name="Então deve retornar a mensagem &quot;No results were found for your search &quot;itemNãoExistente&quot;&quot;" library="kws_webautomation" sourcename="Então deve retornar a mensagem &quot;${MSG_ERROR}&quot;">
<kw name="Wait Until Element Is Visible" library="SeleniumLibrary">
<arg>xpath=${SEARCH.ALERT}</arg>
<doc>Waits until the element ``locator`` is visible.</doc>
<status status="PASS" starttime="20211024 15:14:38.981" endtime="20211024 15:14:41.123"/>
</kw>
<kw name="Element Text Should Be" library="SeleniumLibrary">
<arg>xpath=${SEARCH.ALERT}</arg>
<arg>${MSG_ERROR}</arg>
<doc>Verifies that element ``locator`` contains exact the text ``expected``.</doc>
<msg timestamp="20211024 15:14:41.124" level="INFO">Verifying element 'xpath=//*[@id="center_column"]/p[@class="alert alert-warning"]' contains exact text 'No results were found for your search "itemNãoExistente"'.</msg>
<status status="PASS" starttime="20211024 15:14:41.123" endtime="20211024 15:14:41.139"/>
</kw>
<status status="PASS" starttime="20211024 15:14:38.980" endtime="20211024 15:14:41.139"/>
</kw>
<kw name="Fechar navegador" library="hooks" type="TEARDOWN">
<kw name="Set Screenshot Directory" library="SeleniumLibrary">
<arg>./evidencias/</arg>
<doc>Sets the directory for captured screenshots.</doc>
<status status="PASS" starttime="20211024 15:14:41.140" endtime="20211024 15:14:41.140"/>
</kw>
<kw name="Capture Page Screenshot" library="SeleniumLibrary">
<doc>Takes a screenshot of the current page and embeds it into a log file.</doc>
<msg timestamp="20211024 15:14:41.245" level="INFO" html="true">&lt;/td&gt;&lt;/tr&gt;&lt;tr&gt;&lt;td colspan="3"&gt;&lt;a href="../evidencias/selenium-screenshot-2.png"&gt;&lt;img src="../evidencias/selenium-screenshot-2.png" width="800px"&gt;&lt;/a&gt;</msg>
<status status="PASS" starttime="20211024 15:14:41.140" endtime="20211024 15:14:41.245"/>
</kw>
<kw name="Close Browser" library="SeleniumLibrary">
<doc>Closes the current browser.</doc>
<status status="PASS" starttime="20211024 15:14:41.245" endtime="20211024 15:14:43.337"/>
</kw>
<status status="PASS" starttime="20211024 15:14:41.140" endtime="20211024 15:14:43.337"/>
</kw>
<tag>PRODUTO_N</tag>
<status status="PASS" starttime="20211024 15:14:32.770" endtime="20211024 15:14:43.337"/>
</test>
<test id="s1-t3" name="Caso de Teste 03: Listar Produtos">
<kw name="Abrir navegador" library="hooks" type="SETUP">
<kw name="Open Browser" library="SeleniumLibrary">
<arg>${URL}</arg>
<arg>${BROWSER}</arg>
<doc>Opens a new browser instance to the optional ``url``.</doc>
<msg timestamp="20211024 15:14:43.340" level="INFO">Opening browser 'chrome' to base url 'http://automationpractice.com/'.</msg>
<status status="PASS" starttime="20211024 15:14:43.340" endtime="20211024 15:14:49.292"/>
</kw>
<kw name="Maximize Browser Window" library="SeleniumLibrary">
<doc>Maximizes current browser window.</doc>
<status status="PASS" starttime="20211024 15:14:49.292" endtime="20211024 15:14:49.405"/>
</kw>
<status status="PASS" starttime="20211024 15:14:43.339" endtime="20211024 15:14:49.405"/>
</kw>
<kw name="Dado que o cliente está na página home do site" library="kws_webautomation">
<kw name="Title Should Be" library="SeleniumLibrary">
<arg>${HOME.TITLE_PAGE_HOME}</arg>
<doc>Verifies that the current page title equals ``title``.</doc>
<msg timestamp="20211024 15:14:49.411" level="INFO">Page title is 'My Store'.</msg>
<status status="PASS" starttime="20211024 15:14:49.406" endtime="20211024 15:14:49.411"/>
</kw>
<kw name="Wait Until Element Is Visible" library="SeleniumLibrary">
<arg>xpath=${HOME.HEADER_OPTIONS}</arg>
<doc>Waits until the element ``locator`` is visible.</doc>
<status status="PASS" starttime="20211024 15:14:49.411" endtime="20211024 15:14:49.431"/>
</kw>
<status status="PASS" starttime="20211024 15:14:49.406" endtime="20211024 15:14:49.431"/>
</kw>
<kw name="Quando o cliente passar o mouse por cima da categoria &quot;Women&quot; no menu principal superior de categorias" library="kws_webautomation" sourcename="Quando o cliente passar o mouse por cima da categoria &quot;${CATEGORIA}&quot; no menu principal superior de categorias">
<kw name="Mouse Over" library="SeleniumLibrary">
<arg>xpath=${CATEGORY.CATEGORIA_WOMEN}</arg>
<doc>Simulates hovering the mouse over the element ``locator``.</doc>
<msg timestamp="20211024 15:14:49.433" level="INFO">Simulating Mouse Over on element 'xpath=//*[@id="block_top_menu"]//a[@title="Women"]'.</msg>
<status status="PASS" starttime="20211024 15:14:49.432" endtime="20211024 15:14:49.707"/>
</kw>
<status status="PASS" starttime="20211024 15:14:49.432" endtime="20211024 15:14:49.707"/>
</kw>
<kw name="E clicar na sub categoria &quot;Summer Dresses&quot;" library="kws_webautomation" sourcename="E clicar na sub categoria &quot;${SUB_CATEGORIA}&quot;">
<kw name="Click Element" library="SeleniumLibrary">
<arg>xpath=${CATEGORY.SUBCATEGORIA}</arg>
<doc>Click the element identified by ``locator``.</doc>
<msg timestamp="20211024 15:14:49.708" level="INFO">Clicking element 'xpath=//*[@id="block_top_menu"]//ul[@class="sf-menu clearfix menu-content sf-js-enabled sf-arrows"]//a[@title="Summer Dresses"]'.</msg>
<status status="PASS" starttime="20211024 15:14:49.708" endtime="20211024 15:14:51.472"/>
</kw>
<status status="PASS" starttime="20211024 15:14:49.707" endtime="20211024 15:14:51.473"/>
</kw>
<kw name="Então deve aparecer os produtos da sub-categoria &quot;Summer Dresses&quot; na página" library="kws_webautomation" sourcename="Então deve aparecer os produtos da sub-categoria &quot;${SUB_CATEGORIA}&quot; na página">
<kw name="Title Should Be" library="SeleniumLibrary">
<arg>${SUMMER.TITLE}</arg>
<doc>Verifies that the current page title equals ``title``.</doc>
<msg timestamp="20211024 15:14:51.477" level="INFO">Page title is 'Summer Dresses - My Store'.</msg>
<status status="PASS" starttime="20211024 15:14:51.473" endtime="20211024 15:14:51.477"/>
</kw>
<kw name="Wait Until Element Is Visible" library="SeleniumLibrary">
<arg>id=${SEARCH.ID_COLUNA}</arg>
<doc>Waits until the element ``locator`` is visible.</doc>
<status status="PASS" starttime="20211024 15:14:51.477" endtime="20211024 15:14:51.495"/>
</kw>
<kw name="Element Text Should Be" library="SeleniumLibrary">
<arg>xpath=${SUMMER.IMG_SUMMER}</arg>
<arg>${SUB_CATEGORIA}</arg>
<doc>Verifies that element ``locator`` contains exact the text ``expected``.</doc>
<msg timestamp="20211024 15:14:51.496" level="INFO">Verifying element 'xpath=//*[@id="center_column"]//span[@class="category-name"]' contains exact text 'Summer Dresses'.</msg>
<status status="PASS" starttime="20211024 15:14:51.495" endtime="20211024 15:14:51.514"/>
</kw>
<status status="PASS" starttime="20211024 15:14:51.473" endtime="20211024 15:14:51.515"/>
</kw>
<kw name="Fechar navegador" library="hooks" type="TEARDOWN">
<kw name="Set Screenshot Directory" library="SeleniumLibrary">
<arg>./evidencias/</arg>
<doc>Sets the directory for captured screenshots.</doc>
<status status="PASS" starttime="20211024 15:14:51.516" endtime="20211024 15:14:51.516"/>
</kw>
<kw name="Capture Page Screenshot" library="SeleniumLibrary">
<doc>Takes a screenshot of the current page and embeds it into a log file.</doc>
<msg timestamp="20211024 15:14:51.692" level="INFO" html="true">&lt;/td&gt;&lt;/tr&gt;&lt;tr&gt;&lt;td colspan="3"&gt;&lt;a href="../evidencias/selenium-screenshot-3.png"&gt;&lt;img src="../evidencias/selenium-screenshot-3.png" width="800px"&gt;&lt;/a&gt;</msg>
<status status="PASS" starttime="20211024 15:14:51.516" endtime="20211024 15:14:51.692"/>
</kw>
<kw name="Close Browser" library="SeleniumLibrary">
<doc>Closes the current browser.</doc>
<status status="PASS" starttime="20211024 15:14:51.692" endtime="20211024 15:14:53.813"/>
</kw>
<status status="PASS" starttime="20211024 15:14:51.515" endtime="20211024 15:14:53.813"/>
</kw>
<tag>LISTA</tag>
<status status="PASS" starttime="20211024 15:14:43.339" endtime="20211024 15:14:53.814"/>
</test>
<test id="s1-t4" name="Caso de Teste 04: Adicionar Cliente">
<kw name="Abrir navegador" library="hooks" type="SETUP">
<kw name="Open Browser" library="SeleniumLibrary">
<arg>${URL}</arg>
<arg>${BROWSER}</arg>
<doc>Opens a new browser instance to the optional ``url``.</doc>
<msg timestamp="20211024 15:14:53.816" level="INFO">Opening browser 'chrome' to base url 'http://automationpractice.com/'.</msg>
<status status="PASS" starttime="20211024 15:14:53.816" endtime="20211024 15:15:01.743"/>
</kw>
<kw name="Maximize Browser Window" library="SeleniumLibrary">
<doc>Maximizes current browser window.</doc>
<status status="PASS" starttime="20211024 15:15:01.743" endtime="20211024 15:15:01.861"/>
</kw>
<status status="PASS" starttime="20211024 15:14:53.816" endtime="20211024 15:15:01.861"/>
</kw>
<kw name="Dado que o cliente está na página home do site" library="kws_webautomation">
<kw name="Title Should Be" library="SeleniumLibrary">
<arg>${HOME.TITLE_PAGE_HOME}</arg>
<doc>Verifies that the current page title equals ``title``.</doc>
<msg timestamp="20211024 15:15:01.866" level="INFO">Page title is 'My Store'.</msg>
<status status="PASS" starttime="20211024 15:15:01.862" endtime="20211024 15:15:01.866"/>
</kw>
<kw name="Wait Until Element Is Visible" library="SeleniumLibrary">
<arg>xpath=${HOME.HEADER_OPTIONS}</arg>
<doc>Waits until the element ``locator`` is visible.</doc>
<status status="PASS" starttime="20211024 15:15:01.866" endtime="20211024 15:15:01.888"/>
</kw>
<status status="PASS" starttime="20211024 15:15:01.861" endtime="20211024 15:15:01.888"/>
</kw>
<kw name="Quando o cliente clicar em &quot;Sign in&quot;" library="kws_webautomation" sourcename="Quando o cliente clicar em &quot;${SIGN_IN}&quot;">
<kw name="Click Element" library="SeleniumLibrary">
<arg>xpath=${HOME.SIGN_IN}</arg>
<doc>Click the element identified by ``locator``.</doc>
<msg timestamp="20211024 15:15:01.890" level="INFO">Clicking element 'xpath=//*[@id="header"]//a[@class="login"]'.</msg>
<status status="PASS" starttime="20211024 15:15:01.889" endtime="20211024 15:15:04.041"/>
</kw>
<status status="PASS" starttime="20211024 15:15:01.889" endtime="20211024 15:15:04.041"/>
</kw>
<kw name="E informar um e-mail válido" library="kws_webautomation">
<kw name="Wait Until Element Is Visible" library="SeleniumLibrary">
<arg>id=${REG.EMAIL}</arg>
<doc>Waits until the element ``locator`` is visible.</doc>
<status status="PASS" starttime="20211024 15:15:04.042" endtime="20211024 15:15:04.065"/>
</kw>
<kw name="Catenate" library="BuiltIn">
<var>${EMAIL}</var>
<arg>${USUARIO.nome}_${USUARIO.sobrenome}_${USUARIO.idade}@robot.com</arg>
<doc>Catenates the given items together and returns the resulted string.</doc>
<msg timestamp="20211024 15:15:04.066" level="INFO">${EMAIL} = Deywes_Rios_21@robot.com</msg>
<status status="PASS" starttime="20211024 15:15:04.065" endtime="20211024 15:15:04.066"/>
</kw>
<kw name="Convert To Lower Case" library="String">
<var>${EMAIL}</var>
<arg>${EMAIL}</arg>
<doc>Converts string to lower case.</doc>
<msg timestamp="20211024 15:15:04.067" level="INFO">${EMAIL} = deywes_rios_21@robot.com</msg>
<status status="PASS" starttime="20211024 15:15:04.067" endtime="20211024 15:15:04.067"/>
</kw>
<kw name="Input Text" library="SeleniumLibrary">
<arg>id=${REG.EMAIL}</arg>
<arg>${EMAIL}</arg>
<doc>Types the given ``text`` into the text field identified by ``locator``.</doc>
<msg timestamp="20211024 15:15:04.068" level="INFO">Typing text 'deywes_rios_21@robot.com' into text field 'id=email_create'.</msg>
<status status="PASS" starttime="20211024 15:15:04.067" endtime="20211024 15:15:04.143"/>
</kw>
<kw name="Click Element" library="SeleniumLibrary">
<arg>id=${REG.OUT_OF_PAGE}</arg>
<doc>Click the element identified by ``locator``.</doc>
<msg timestamp="20211024 15:15:04.144" level="INFO">Clicking element 'id=center_column'.</msg>
<status status="PASS" starttime="20211024 15:15:04.143" endtime="20211024 15:15:04.185"/>
</kw>
<kw name="Wait Until Element Is Visible" library="SeleniumLibrary">
<arg>xpath=${REG.OK}</arg>
<doc>Waits until the element ``locator`` is visible.</doc>
<status status="PASS" starttime="20211024 15:15:04.185" endtime="20211024 15:15:04.209"/>
</kw>
<status status="PASS" starttime="20211024 15:15:04.042" endtime="20211024 15:15:04.209"/>
</kw>
<kw name="E clicar em &quot;Create an account&quot;" library="kws_webautomation">
<kw name="Click Element" library="SeleniumLibrary">
<arg>id=${REG.BTN_SUBMIT_EMAIL}</arg>
<doc>Click the element identified by ``locator``.</doc>
<msg timestamp="20211024 15:15:04.211" level="INFO">Clicking element 'id=SubmitCreate'.</msg>
<status status="PASS" starttime="20211024 15:15:04.210" endtime="20211024 15:15:04.244"/>
</kw>
<status status="PASS" starttime="20211024 15:15:04.210" endtime="20211024 15:15:04.244"/>
</kw>
<kw name="E preencher os dados obrigatórios" library="kws_webautomation">
<kw name="Wait Until Element Is Visible" library="SeleniumLibrary">
<arg>id=${DATA.HEADER_ACCOUNT}</arg>
<doc>Waits until the element ``locator`` is visible.</doc>
<status status="PASS" starttime="20211024 15:15:04.245" endtime="20211024 15:15:06.117"/>
</kw>
<kw name="Click Element" library="SeleniumLibrary">
<arg>id=${DATA.OPTION_SEX}</arg>
<doc>Click the element identified by ``locator``.</doc>
<msg timestamp="20211024 15:15:06.118" level="INFO">Clicking element 'id=id_gender1'.</msg>
<status status="PASS" starttime="20211024 15:15:06.117" endtime="20211024 15:15:06.155"/>
</kw>
<kw name="Input Text" library="SeleniumLibrary">
<arg>id=${DATA.INPUT_COSTUMER_FIRSTNAME}</arg>
<arg>${USUARIO.nome}</arg>
<doc>Types the given ``text`` into the text field identified by ``locator``.</doc>
<msg timestamp="20211024 15:15:06.157" level="INFO">Typing text 'Deywes' into text field 'id=customer_firstname'.</msg>
<status status="PASS" starttime="20211024 15:15:06.156" endtime="20211024 15:15:06.238"/>
</kw>
<kw name="Input Text" library="SeleniumLibrary">
<arg>id=${DATA.INPUT_FIRSTNAME}</arg>
<arg>${USUARIO.nome}</arg>
<doc>Types the given ``text`` into the text field identified by ``locator``.</doc>
<msg timestamp="20211024 15:15:06.239" level="INFO">Typing text 'Deywes' into text field 'id=firstname'.</msg>
<status status="PASS" starttime="20211024 15:15:06.238" endtime="20211024 15:15:06.318"/>
</kw>
<kw name="Input Text" library="SeleniumLibrary">
<arg>id=${DATA.INPUT_COSTUMER_LASNAME}</arg>
<arg>${USUARIO.sobrenome}</arg>
<doc>Types the given ``text`` into the text field identified by ``locator``.</doc>
<msg timestamp="20211024 15:15:06.319" level="INFO">Typing text 'Rios' into text field 'id=customer_lastname'.</msg>
<status status="PASS" starttime="20211024 15:15:06.318" endtime="20211024 15:15:06.386"/>
</kw>
<kw name="Input Text" library="SeleniumLibrary">
<arg>id=${DATA.INPUT_LASTNAME}</arg>
<arg>${USUARIO.sobrenome}</arg>
<doc>Types the given ``text`` into the text field identified by ``locator``.</doc>
<msg timestamp="20211024 15:15:06.389" level="INFO">Typing text 'Rios' into text field 'id=lastname'.</msg>
<status status="PASS" starttime="20211024 15:15:06.387" endtime="20211024 15:15:06.460"/>
</kw>
<kw name="Input Text" library="SeleniumLibrary">
<arg>id=${DATA.INPUT_PASSWORD}</arg>
<arg>${USUARIO.senha}</arg>
<doc>Types the given ``text`` into the text field identified by ``locator``.</doc>
<msg timestamp="20211024 15:15:06.461" level="INFO">Typing text '12345' into text field 'id=passwd'.</msg>
<status status="PASS" starttime="20211024 15:15:06.460" endtime="20211024 15:15:06.532"/>
</kw>
<kw name="Input Text" library="SeleniumLibrary">
<arg>id=${DATA.INPUT_ADDRESS}</arg>
<arg>${USUARIO.endereco}</arg>
<doc>Types the given ``text`` into the text field identified by ``locator``.</doc>
<msg timestamp="20211024 15:15:06.533" level="INFO">Typing text '1st Avenue' into text field 'id=address1'.</msg>
<status status="PASS" starttime="20211024 15:15:06.532" endtime="20211024 15:15:06.631"/>
</kw>
<kw name="Input Text" library="SeleniumLibrary">
<arg>id=${DATA.INPUT_CITY}</arg>
<arg>${USUARIO.cidade}</arg>
<doc>Types the given ``text`` into the text field identified by ``locator``.</doc>
<msg timestamp="20211024 15:15:06.632" level="INFO">Typing text 'PhoenixVille' into text field 'id=city'.</msg>
<status status="PASS" starttime="20211024 15:15:06.631" endtime="20211024 15:15:06.705"/>
</kw>
<kw name="Input Text" library="SeleniumLibrary">
<arg>id=${DATA.INPUT_POSTCODE}</arg>
<arg>${USUARIO.cep}</arg>
<doc>Types the given ``text`` into the text field identified by ``locator``.</doc>
<msg timestamp="20211024 15:15:06.707" level="INFO">Typing text '19460' into text field 'id=postcode'.</msg>
<status status="PASS" starttime="20211024 15:15:06.705" endtime="20211024 15:15:06.777"/>
</kw>
<kw name="Input Text" library="SeleniumLibrary">
<arg>id=${DATA.INPUT_PHONE}</arg>
<arg>${USUARIO.telefone}</arg>
<doc>Types the given ``text`` into the text field identified by ``locator``.</doc>
<msg timestamp="20211024 15:15:06.778" level="INFO">Typing text '+1 941 256 286' into text field 'id=phone_mobile'.</msg>
<status status="PASS" starttime="20211024 15:15:06.777" endtime="20211024 15:15:06.857"/>
</kw>
<kw name="Input Text" library="SeleniumLibrary">
<arg>id=${DATA.INPUT_ALIAS}</arg>
<arg>${USUARIO.endereco_alt}</arg>
<doc>Types the given ``text`` into the text field identified by ``locator``.</doc>
<msg timestamp="20211024 15:15:06.859" level="INFO">Typing text 'nenhum' into text field 'id=alias'.</msg>
<status status="PASS" starttime="20211024 15:15:06.858" endtime="20211024 15:15:06.926"/>
</kw>
<kw name="Select From List By Value" library="SeleniumLibrary">
<arg>id=${DATA.SELECT_DAYS}</arg>
<arg>${USUARIO.dia}</arg>
<doc>Selects options from selection list ``locator`` by ``values``.</doc>
<msg timestamp="20211024 15:15:06.927" level="INFO">Selecting options from selection list 'id=days' by value 10.</msg>
<status status="PASS" starttime="20211024 15:15:06.926" endtime="20211024 15:15:06.980"/>
</kw>
<kw name="Select From List By Value" library="SeleniumLibrary">
<arg>id=${DATA.SELECT_MONTHS}</arg>
<arg>${USUARIO.mes}</arg>
<doc>Selects options from selection list ``locator`` by ``values``.</doc>
<msg timestamp="20211024 15:15:06.982" level="INFO">Selecting options from selection list 'id=months' by value 7.</msg>
<status status="PASS" starttime="20211024 15:15:06.980" endtime="20211024 15:15:07.036"/>
</kw>
<kw name="Select From List By Value" library="SeleniumLibrary">
<arg>id=${DATA.SELECT_YEARS}</arg>
<arg>${USUARIO.ano}</arg>
<doc>Selects options from selection list ``locator`` by ``values``.</doc>
<msg timestamp="20211024 15:15:07.037" level="INFO">Selecting options from selection list 'id=years' by value 2000.</msg>
<status status="PASS" starttime="20211024 15:15:07.036" endtime="20211024 15:15:07.087"/>
</kw>
<kw name="Select From List By Value" library="SeleniumLibrary">
<arg>id=${DATA.SELECT_ID_STATE}</arg>
<arg>${USUARIO.estado}</arg>
<doc>Selects options from selection list ``locator`` by ``values``.</doc>
<msg timestamp="20211024 15:15:07.088" level="INFO">Selecting options from selection list 'id=id_state' by value 38.</msg>
<status status="PASS" starttime="20211024 15:15:07.087" endtime="20211024 15:15:07.139"/>
</kw>
<status status="PASS" starttime="20211024 15:15:04.245" endtime="20211024 15:15:07.140"/>
</kw>
<kw name="E clicar no botão de cadastro" library="kws_webautomation">
<kw name="Click Button" library="SeleniumLibrary">
<arg>id=${REG.BTN_SUBMIT}</arg>
<doc>Clicks the button identified by ``locator``.</doc>
<msg timestamp="20211024 15:15:07.141" level="INFO">Clicking button 'id=submitAccount'.</msg>
<status status="PASS" starttime="20211024 15:15:07.140" endtime="20211024 15:15:08.669"/>
</kw>
<status status="PASS" starttime="20211024 15:15:07.140" endtime="20211024 15:15:08.669"/>
</kw>
<kw name="Então o cadastro deve ser efetuado com sucesso" library="kws_webautomation">
<kw name="Title Should Be" library="SeleniumLibrary">
<arg>${MYACCOUNT.TITLE}</arg>
<doc>Verifies that the current page title equals ``title``.</doc>
<msg timestamp="20211024 15:15:08.674" level="INFO">Page title is 'My account - My Store'.</msg>
<status status="PASS" starttime="20211024 15:15:08.670" endtime="20211024 15:15:08.674"/>
</kw>
<kw name="Wait Until Element Is Visible" library="SeleniumLibrary">
<arg>xpath=${MYACCOUNT.INFO}</arg>
<doc>Waits until the element ``locator`` is visible.</doc>
<status status="PASS" starttime="20211024 15:15:08.675" endtime="20211024 15:15:08.692"/>
</kw>
<kw name="Page Should Contain Element" library="SeleniumLibrary">
<arg>xpath=//*[@id="header"]//span[text()="${USUARIO.nome} ${USUARIO.sobrenome}"]</arg>
<doc>Verifies that element ``locator`` is found on the current page.</doc>
<msg timestamp="20211024 15:15:08.701" level="INFO">Current page contains element 'xpath=//*[@id="header"]//span[text()="Deywes Rios"]'.</msg>
<status status="PASS" starttime="20211024 15:15:08.692" endtime="20211024 15:15:08.701"/>
</kw>
<status status="PASS" starttime="20211024 15:15:08.670" endtime="20211024 15:15:08.701"/>
</kw>
<kw name="Fechar navegador" library="hooks" type="TEARDOWN">
<kw name="Set Screenshot Directory" library="SeleniumLibrary">
<arg>./evidencias/</arg>
<doc>Sets the directory for captured screenshots.</doc>
<status status="PASS" starttime="20211024 15:15:08.702" endtime="20211024 15:15:08.702"/>
</kw>
<kw name="Capture Page Screenshot" library="SeleniumLibrary">
<doc>Takes a screenshot of the current page and embeds it into a log file.</doc>
<msg timestamp="20211024 15:15:08.813" level="INFO" html="true">&lt;/td&gt;&lt;/tr&gt;&lt;tr&gt;&lt;td colspan="3"&gt;&lt;a href="../evidencias/selenium-screenshot-4.png"&gt;&lt;img src="../evidencias/selenium-screenshot-4.png" width="800px"&gt;&lt;/a&gt;</msg>
<status status="PASS" starttime="20211024 15:15:08.702" endtime="20211024 15:15:08.813"/>
</kw>
<kw name="Close Browser" library="SeleniumLibrary">
<doc>Closes the current browser.</doc>
<status status="PASS" starttime="20211024 15:15:08.813" endtime="20211024 15:15:10.944"/>
</kw>
<status status="PASS" starttime="20211024 15:15:08.702" endtime="20211024 15:15:10.944"/>
</kw>
<tag>CLIENTE</tag>
<status status="PASS" starttime="20211024 15:14:53.815" endtime="20211024 15:15:10.945"/>
</test>
<doc>Aqui estarão presente todos os tests cases dos testes web.</doc>
<status status="PASS" starttime="20211024 15:14:20.924" endtime="20211024 15:15:10.947"/>
</suite>
<statistics>
<total>
<stat pass="4" fail="0" skip="0">All Tests</stat>
</total>
<tag>
<stat pass="1" fail="0" skip="0">CLIENTE</stat>
<stat pass="1" fail="0" skip="0">LISTA</stat>
<stat pass="1" fail="0" skip="0">PESQUISAR</stat>
<stat pass="1" fail="0" skip="0">PRODUTO_N</stat>
</tag>
<suite>
<stat pass="4" fail="0" skip="0" id="s1" name="Webautomation">Webautomation</stat>
</suite>
</statistics>
<errors>
</errors>
</robot>
